<?xml version="1.0" encoding="UTF-8"?>
<!-- Generated by org.testng.reporters.JUnitXMLReporter -->
<testsuite ignored="0" hostname="MAHADEV" failures="0" tests="4" name="Test" time="23.635" errors="0" timestamp="2024-08-10T19:43:25 IST">
  <testcase classname="TestCases.HomepageTest" name="TC_01AddtoCartTest" time="3.795"/>
  <testcase classname="TestCases.LoginTest" name="LockedUser" time="0.73"/>
  <testcase classname="TestCases.LoginTest" name="LoginFailureTest" time="0.92"/>
  <testcase classname="TestCases.LoginTest" name="loginSucessTest" time="1.244"/>
</testsuite> <!-- Test -->
