<?xml version="1.0" encoding="UTF-8"?>
<!-- Generated by org.testng.reporters.JUnitXMLReporter -->
<testsuite ignored="0" hostname="MAHADEV" failures="0" tests="4" name="Test" time="20.943" errors="0" timestamp="2024-08-25T20:11:20 IST">
  <testcase classname="TestCases.HomepageTest" name="TC_01AddtoCartTest" time="2.348"/>
  <testcase classname="TestCases.LoginTest" name="LockedUser" time="0.738"/>
  <testcase classname="TestCases.LoginTest" name="LoginFailureTest" time="0.62"/>
  <testcase classname="TestCases.LoginTest" name="loginSucessTest" time="1.133"/>
</testsuite> <!-- Test -->
