<?xml version="1.0" encoding="UTF-8"?>
<testng-results ignored="0" total="4" passed="4" failed="0" skipped="0">
  <reporter-output>
  </reporter-output>
  <suite started-at="2024-08-25T20:10:58 IST" name="Suite" finished-at="2024-08-25T20:11:19 IST" duration-ms="20943">
    <groups>
    </groups>
    <test started-at="2024-08-25T20:10:58 IST" name="Test" finished-at="2024-08-25T20:11:19 IST" duration-ms="20943">
      <class name="TestCases.LoginTest">
        <test-method is-config="true" signature="SetrupDriver()[pri:0, instance:TestCases.LoginTest@28eaa59a]" started-at="2024-08-25T20:11:07 IST" name="SetrupDriver" finished-at="2024-08-25T20:11:10 IST" duration-ms="2807" status="PASS">
          <reporter-output>
          </reporter-output>
        </test-method> <!-- SetrupDriver -->
        <test-method signature="LockedUser()[pri:0, instance:TestCases.LoginTest@28eaa59a]" started-at="2024-08-25T20:11:10 IST" name="LockedUser" finished-at="2024-08-25T20:11:11 IST" duration-ms="738" status="PASS">
          <reporter-output>
          </reporter-output>
        </test-method> <!-- LockedUser -->
        <test-method is-config="true" signature="TearDown()[pri:0, instance:TestCases.LoginTest@28eaa59a]" started-at="2024-08-25T20:11:11 IST" name="TearDown" finished-at="2024-08-25T20:11:11 IST" duration-ms="216" status="PASS">
          <reporter-output>
          </reporter-output>
        </test-method> <!-- TearDown -->
        <test-method is-config="true" signature="SetrupDriver()[pri:0, instance:TestCases.LoginTest@28eaa59a]" started-at="2024-08-25T20:11:11 IST" name="SetrupDriver" finished-at="2024-08-25T20:11:14 IST" duration-ms="2858" status="PASS">
          <reporter-output>
          </reporter-output>
        </test-method> <!-- SetrupDriver -->
        <test-method signature="LoginFailureTest()[pri:0, instance:TestCases.LoginTest@28eaa59a]" started-at="2024-08-25T20:11:14 IST" name="LoginFailureTest" finished-at="2024-08-25T20:11:15 IST" duration-ms="620" status="PASS">
          <reporter-output>
          </reporter-output>
        </test-method> <!-- LoginFailureTest -->
        <test-method is-config="true" signature="TearDown()[pri:0, instance:TestCases.LoginTest@28eaa59a]" started-at="2024-08-25T20:11:15 IST" name="TearDown" finished-at="2024-08-25T20:11:15 IST" duration-ms="161" status="PASS">
          <reporter-output>
          </reporter-output>
        </test-method> <!-- TearDown -->
        <test-method is-config="true" signature="SetrupDriver()[pri:0, instance:TestCases.LoginTest@28eaa59a]" started-at="2024-08-25T20:11:15 IST" name="SetrupDriver" finished-at="2024-08-25T20:11:18 IST" duration-ms="3131" status="PASS">
          <reporter-output>
          </reporter-output>
        </test-method> <!-- SetrupDriver -->
        <test-method signature="loginSucessTest()[pri:0, instance:TestCases.LoginTest@28eaa59a]" started-at="2024-08-25T20:11:18 IST" name="loginSucessTest" finished-at="2024-08-25T20:11:19 IST" duration-ms="1133" status="PASS">
          <reporter-output>
          </reporter-output>
        </test-method> <!-- loginSucessTest -->
        <test-method is-config="true" signature="TearDown()[pri:0, instance:TestCases.LoginTest@28eaa59a]" started-at="2024-08-25T20:11:19 IST" name="TearDown" finished-at="2024-08-25T20:11:19 IST" duration-ms="203" status="PASS">
          <reporter-output>
          </reporter-output>
        </test-method> <!-- TearDown -->
      </class> <!-- TestCases.LoginTest -->
      <class name="TestCases.HomepageTest">
        <test-method is-config="true" signature="SetrupDriver()[pri:0, instance:TestCases.HomepageTest@6a400542]" started-at="2024-08-25T20:10:58 IST" name="SetrupDriver" finished-at="2024-08-25T20:11:05 IST" duration-ms="6268" status="PASS">
          <reporter-output>
          </reporter-output>
        </test-method> <!-- SetrupDriver -->
        <test-method signature="TC_01AddtoCartTest()[pri:0, instance:TestCases.HomepageTest@6a400542]" started-at="2024-08-25T20:11:05 IST" name="TC_01AddtoCartTest" finished-at="2024-08-25T20:11:07 IST" duration-ms="2348" status="PASS">
          <reporter-output>
          </reporter-output>
        </test-method> <!-- TC_01AddtoCartTest -->
        <test-method is-config="true" signature="TearDown()[pri:0, instance:TestCases.HomepageTest@6a400542]" started-at="2024-08-25T20:11:07 IST" name="TearDown" finished-at="2024-08-25T20:11:07 IST" duration-ms="333" status="PASS">
          <reporter-output>
          </reporter-output>
        </test-method> <!-- TearDown -->
      </class> <!-- TestCases.HomepageTest -->
    </test> <!-- Test -->
  </suite> <!-- Suite -->
</testng-results>
